>>>> Serial Algorithm Time Analysis >>>>
Compression completed successfully.
N = 86201856 ./input.txt -> Encode seconds run = 29
Decoding completed successfully. Decoded text saved to: plain.txt
N = 51167584 ./output.bin -> Decode seconds run = 14
--
Compression completed successfully.
N = 90346176 ./input.txt -> Encode seconds run = 31
Decoding completed successfully. Decoded text saved to: plain.txt
N = 53627564 ./output.bin -> Decode seconds run = 15
--
Compression completed successfully.
N = 94490496 ./input.txt -> Encode seconds run = 32
Decoding completed successfully. Decoded text saved to: plain.txt
N = 56087544 ./output.bin -> Decode seconds run = 16
--
Compression completed successfully.
N = 98634816 ./input.txt -> Encode seconds run = 33
Decoding completed successfully. Decoded text saved to: plain.txt
N = 58547524 ./output.bin -> Decode seconds run = 17
--
Compression completed successfully.
N = 102779136 ./input.txt -> Encode seconds run = 35
Decoding completed successfully. Decoded text saved to: plain.txt
N = 61007504 ./output.bin -> Decode seconds run = 17
--
Compression completed successfully.
N = 106923456 ./input.txt -> Encode seconds run = 36
Decoding completed successfully. Decoded text saved to: plain.txt
N = 63467484 ./output.bin -> Decode seconds run = 18
--
slurmstepd: error: *** JOB 1758 ON mcs2.wlu.ca CANCELLED AT 2024-04-10T19:50:48 DUE TO TIME LIMIT ***
